<?xml version="1.0" encoding="UTF-8"?>
<!-- Generated by org.testng.reporters.JUnitReportReporter -->
<testsuite hostname="Boobal" failures="0" tests="1" name="com.cucumber.testNG.Runner" time="26.427" errors="0" timestamp="2022-03-16T10:16:50 IST" skipped="0">
  <testcase classname="com.cucumber.testNG.Runner" name="runScenario" time="26.427"/>
  <system-out/>
</testsuite> <!-- com.cucumber.testNG.Runner -->
