<?xml version="1.0" encoding="UTF-8"?>
<!-- Generated by org.testng.reporters.JUnitReportReporter -->
<testsuite hostname="Boobal" failures="0" tests="1" name="com.cucumber.testNG.Runner" time="13.520" errors="0" timestamp="2022-07-25T09:26:27 IST" skipped="0">
  <testcase classname="com.cucumber.testNG.Runner" name="runScenario" time="13.520"/>
  <system-out/>
</testsuite> <!-- com.cucumber.testNG.Runner -->
