<?xml version="1.0" encoding="UTF-8"?>
<!-- Generated by org.testng.reporters.JUnitReportReporter -->
<testsuite hostname="Boobal" failures="1" tests="1" name="com.cucumber.testNG.Runner" time="18.776" errors="0" timestamp="2022-07-24T21:36:18 IST" skipped="0">
  <testcase classname="com.cucumber.testNG.Runner" name="runScenario" time="18.776">
    <failure message="Temperatures are not equal" type="java.lang.AssertionError">
      <![CDATA[java.lang.AssertionError: Temperatures are not equal
at org.testng.Assert.fail(Assert.java:99)
at com.cucumber.pages.ResultPage.CompareTemp(ResultPage.java:45)
at com.cucumber.StepDefinition.FeatureSteps.compare_temperature_from_api_with_ui(FeatureSteps.java:45)
at âœ½.Compare temperature from API with UI(file:///C:/Users/booba/git/Cucumber_TestNG/src/test/java/Features/CompareResults.feature:8)
]]>
    </failure>
  </testcase> <!-- runScenario -->
  <system-out/>
</testsuite> <!-- com.cucumber.testNG.Runner -->
